<?xml version="1.0" encoding="UTF-8"?>
<!-- Generated by org.testng.reporters.JUnitXMLReporter -->
<testsuite ignored="0" hostname="DESKTOP-V3NDRRH" failures="1" tests="1" name="AccountReggistrationTest" time="4.83" errors="0" timestamp="2025-03-24T11:26:34 IST">
  <testcase classname="testCases.AccountRegistrationTest01" name="verify_account_registration" time="1.196">
    <failure type="java.lang.AssertionError" message="Test failed: Keys to send should be a not null CharSequence">
      <![CDATA[java.lang.AssertionError: Test failed: Keys to send should be a not null CharSequence
at testCases.AccountRegistrationTest01.verify_account_registration(AccountRegistrationTest01.java:55)
at java.base/java.util.ArrayList.forEach(ArrayList.java:1597)
... Removed 26 stack frames]]>
    </failure>
  </testcase> <!-- verify_account_registration -->
</testsuite> <!-- AccountReggistrationTest -->
